<?xml version="1.0" encoding="UTF-8"?>
<!-- Generated by org.testng.reporters.JUnitReportReporter -->
<testsuite skipped="0" hostname="SONY-PC" name="com.TCS.testCase.SearchInGoogle" tests="1" failures="0" timestamp="12 Aug 2019 05:43:57 GMT" time="3.482" errors="0">
  <testcase name="searchGoogle" time="3.482" classname="com.TCS.testCase.SearchInGoogle"/>
</testsuite> <!-- com.TCS.testCase.SearchInGoogle -->
